<?xml version="1.0" encoding="UTF-8"?>
<!-- Generated by org.testng.reporters.JUnitReportReporter -->
<testsuite hostname="DESKTOP-JUOQ8HG" failures="0" tests="1" name="MavenProject.E2E_Framework.HomePage" time="0.002" errors="0" timestamp="2020-05-12T15:03:45 EDT" skipped="0">
  <testcase classname="MavenProject.E2E_Framework.HomePage" name="run" time="0.002"/>
  <system-out/>
</testsuite> <!-- MavenProject.E2E_Framework.HomePage -->
