<?xml version="1.0" encoding="UTF-8"?>
<!-- Generated by org.testng.reporters.JUnitReportReporter -->
<testsuite hostname="DESKTOP-JUOQ8HG" failures="0" tests="2" name="MavenProject.E2E_Framework.NecessaryPage" time="0.005" errors="0" timestamp="2020-05-12T15:03:45 EDT" skipped="0">
  <testcase classname="MavenProject.E2E_Framework.NecessaryPage" name="hamid" time="0.001"/>
  <system-out/>
  <testcase classname="MavenProject.E2E_Framework.NecessaryPage" name="bawar" time="0.004"/>
  <system-out/>
</testsuite> <!-- MavenProject.E2E_Framework.NecessaryPage -->
