<?xml version="1.0" encoding="UTF-8"?>
<!-- Generated by org.testng.reporters.JUnitReportReporter -->
<testsuite hostname="DESKTOP-JUOQ8HG" failures="0" tests="1" name="testCases.PracticePage" time="1.015" errors="0" timestamp="2020-05-13T16:25:23 EDT" skipped="0">
  <testcase classname="testCases.PracticePage" name="MainPage" time="1.015"/>
  <system-out/>
</testsuite> <!-- testCases.PracticePage -->
