<?xml version="1.0" encoding="UTF-8"?>
<!-- Generated by org.testng.reporters.JUnitReportReporter -->
<testsuite hostname="DESKTOP-JUOQ8HG" failures="0" tests="1" name="PageObjectPattern.RunPage" time="14.831" errors="0" timestamp="2020-05-08T21:57:08 EDT" skipped="0">
  <testcase classname="PageObjectPattern.RunPage" name="rediffcom" time="14.831"/>
  <system-out/>
</testsuite> <!-- PageObjectPattern.RunPage -->
